Using pre-set license
Built from '2020.3/staging' branch; Version is '2020.3.6f1 (338bb68529b2) revision 3378102'; Using compiler version '192528614'; Build Type 'Release'
OS: 'Windows 10 Home; OS build 19042.1348; Version 2009; 64bit' Language: 'pl' Physical Memory: 8040 MB
BatchMode: 1, IsHumanControllingUs: 0, StartBugReporterOnCrash: 0, Is64bit: 1, IsPro: 0

 COMMAND LINE ARGUMENTS:
C:\Unity\2020.3.6f1\Editor\Unity.exe
-adb2
-batchMode
-noUpm
-name
AssetImportWorker0
-projectPath
C:/Users/oem/Gra
-logFile
Logs/AssetImportWorker0.log
-srvPort
58477
Successfully changed project path to: C:/Users/oem/Gra
C:/Users/oem/Gra
Using Asset Import Pipeline V2.
Refreshing native plugins compatible for Editor in 39.50 ms, found 1 plugins.
Preloading 0 native plugins for Editor in 0.00 ms.
Initialize engine version: 2020.3.6f1 (338bb68529b2)
[Subsystems] Discovering subsystems at path C:/Unity/2020.3.6f1/Editor/Data/Resources/UnitySubsystems
[Subsystems] Discovering subsystems at path C:/Users/oem/Gra/Assets
GfxDevice: creating device client; threaded=0
Direct3D:
    Version:  Direct3D 11.0 [level 11.1]
    Renderer: NVIDIA GeForce GTX 1660 Ti (ID=0x2191)
    Vendor:   
    VRAM:     5991 MB
    Driver:   27.21.14.5167
Initialize mono
Mono path[0] = 'C:/Unity/2020.3.6f1/Editor/Data/Managed'
Mono path[1] = 'C:/Unity/2020.3.6f1/Editor/Data/MonoBleedingEdge/lib/mono/unityjit'
Mono config path = 'C:/Unity/2020.3.6f1/Editor/Data/MonoBleedingEdge/etc'
Using monoOptions --debugger-agent=transport=dt_socket,embedding=1,server=y,suspend=n,address=127.0.0.1:56808
Begin MonoManager ReloadAssembly
Registering precompiled unity dll's ...
Register platform support module: C:/Unity/2020.3.6f1/Editor/Data/PlaybackEngines/WindowsStandaloneSupport/UnityEditor.WindowsStandalone.Extensions.dll
Registered in 0.001886 seconds.
Native extension for WindowsStandalone target not found
Refreshing native plugins compatible for Editor in 36.30 ms, found 1 plugins.
Preloading 0 native plugins for Editor in 0.00 ms.
Mono: successfully reloaded assembly
- Completed reload, in  1.059 seconds
Platform modules already initialized, skipping
Registering precompiled user dll's ...
Registered in 0.001902 seconds.
Begin MonoManager ReloadAssembly
Native extension for WindowsStandalone target not found
Refreshing native plugins compatible for Editor in 34.55 ms, found 1 plugins.
Preloading 0 native plugins for Editor in 0.00 ms.
Mono: successfully reloaded assembly
- Completed reload, in  0.924 seconds
Platform modules already initialized, skipping
========================================================================
Worker process is ready to serve import requests
Launched and connected shader compiler UnityShaderCompiler.exe after 0.05 seconds
Refreshing native plugins compatible for Editor in 0.34 ms, found 1 plugins.
Preloading 0 native plugins for Editor in 0.00 ms.
Unloading 1830 Unused Serialized files (Serialized files now loaded: 0)
System memory in use before: 85.5 MB.
System memory in use after: 85.4 MB.

Unloading 24 unused Assets to reduce memory usage. Loaded Objects now: 2274.
Total: 2.183600 ms (FindLiveObjects: 0.325700 ms CreateObjectMapping: 0.112800 ms MarkObjects: 1.632800 ms  DeleteObjects: 0.111100 ms)

========================================================================
Received Import Request.
  path: Assets/Active.cs
  artifactKey: Guid(6f9fa59330ce8f2498fca6f101535995) Importer(815301076,1909f56bfc062723c751e8b465ee728b)
Start importing Assets/Active.cs using Guid(6f9fa59330ce8f2498fca6f101535995) Importer(815301076,1909f56bfc062723c751e8b465ee728b)  -> (artifact id: '1b5011439df3fa49e5ef4753a3498f8f') in 0.062595 seconds
  Import took 0.067225 seconds .

========================================================================
Received Import Request.
  Time since last request: 210.112035 seconds.
  path: Assets/Active.cs
  artifactKey: Guid(6f9fa59330ce8f2498fca6f101535995) Importer(815301076,1909f56bfc062723c751e8b465ee728b)
Start importing Assets/Active.cs using Guid(6f9fa59330ce8f2498fca6f101535995) Importer(815301076,1909f56bfc062723c751e8b465ee728b)  -> (artifact id: '0f558ff5dec4e0053d528b21bc477ebb') in 0.003668 seconds
  Import took 0.008413 seconds .

========================================================================
Received Prepare
Registering precompiled user dll's ...
Registered in 0.000790 seconds.
Begin MonoManager ReloadAssembly
Native extension for WindowsStandalone target not found
Refreshing native plugins compatible for Editor in 0.32 ms, found 1 plugins.
Preloading 0 native plugins for Editor in 0.00 ms.
Mono: successfully reloaded assembly
- Completed reload, in  0.822 seconds
Platform modules already initialized, skipping
Refreshing native plugins compatible for Editor in 0.33 ms, found 1 plugins.
Preloading 0 native plugins for Editor in 0.00 ms.
Unloading 1825 Unused Serialized files (Serialized files now loaded: 0)
System memory in use before: 85.4 MB.
System memory in use after: 85.4 MB.

Unloading 12 unused Assets to reduce memory usage. Loaded Objects now: 2278.
Total: 2.596100 ms (FindLiveObjects: 0.565100 ms CreateObjectMapping: 0.143100 ms MarkObjects: 1.772200 ms  DeleteObjects: 0.114300 ms)

========================================================================
Received Prepare
Registering precompiled user dll's ...
Registered in 0.001064 seconds.
Begin MonoManager ReloadAssembly
Native extension for WindowsStandalone target not found
Refreshing native plugins compatible for Editor in 0.32 ms, found 1 plugins.
Preloading 0 native plugins for Editor in 0.00 ms.
Mono: successfully reloaded assembly
- Completed reload, in  0.763 seconds
Platform modules already initialized, skipping
Refreshing native plugins compatible for Editor in 0.33 ms, found 1 plugins.
Preloading 0 native plugins for Editor in 0.00 ms.
Unloading 1825 Unused Serialized files (Serialized files now loaded: 0)
System memory in use before: 85.4 MB.
System memory in use after: 85.4 MB.

Unloading 12 unused Assets to reduce memory usage. Loaded Objects now: 2282.
Total: 1.961800 ms (FindLiveObjects: 0.185600 ms CreateObjectMapping: 0.062200 ms MarkObjects: 1.622300 ms  DeleteObjects: 0.090800 ms)

========================================================================
Received Prepare
Registering precompiled user dll's ...
Registered in 0.001894 seconds.
Begin MonoManager ReloadAssembly
Native extension for WindowsStandalone target not found
Refreshing native plugins compatible for Editor in 0.35 ms, found 1 plugins.
Preloading 0 native plugins for Editor in 0.00 ms.
Mono: successfully reloaded assembly
- Completed reload, in  0.798 seconds
Platform modules already initialized, skipping
Refreshing native plugins compatible for Editor in 0.35 ms, found 1 plugins.
Preloading 0 native plugins for Editor in 0.00 ms.
Unloading 1825 Unused Serialized files (Serialized files now loaded: 0)
System memory in use before: 85.5 MB.
System memory in use after: 85.4 MB.

Unloading 12 unused Assets to reduce memory usage. Loaded Objects now: 2286.
Total: 2.342400 ms (FindLiveObjects: 0.212700 ms CreateObjectMapping: 0.087200 ms MarkObjects: 1.946100 ms  DeleteObjects: 0.095500 ms)

========================================================================
Received Prepare
Registering precompiled user dll's ...
Registered in 0.000904 seconds.
Begin MonoManager ReloadAssembly
Native extension for WindowsStandalone target not found
Refreshing native plugins compatible for Editor in 0.33 ms, found 1 plugins.
Preloading 0 native plugins for Editor in 0.00 ms.
Mono: successfully reloaded assembly
- Completed reload, in  0.760 seconds
Platform modules already initialized, skipping
Refreshing native plugins compatible for Editor in 0.37 ms, found 1 plugins.
Preloading 0 native plugins for Editor in 0.00 ms.
Unloading 1825 Unused Serialized files (Serialized files now loaded: 0)
System memory in use before: 85.5 MB.
System memory in use after: 85.5 MB.

Unloading 12 unused Assets to reduce memory usage. Loaded Objects now: 2290.
Total: 2.292400 ms (FindLiveObjects: 0.188900 ms CreateObjectMapping: 0.063700 ms MarkObjects: 1.934400 ms  DeleteObjects: 0.104200 ms)

========================================================================
Received Prepare
Registering precompiled user dll's ...
Registered in 0.001017 seconds.
Begin MonoManager ReloadAssembly
Native extension for WindowsStandalone target not found
Refreshing native plugins compatible for Editor in 0.32 ms, found 1 plugins.
Preloading 0 native plugins for Editor in 0.00 ms.
Mono: successfully reloaded assembly
- Completed reload, in  0.761 seconds
Platform modules already initialized, skipping
Refreshing native plugins compatible for Editor in 0.40 ms, found 1 plugins.
Preloading 0 native plugins for Editor in 0.00 ms.
Unloading 1825 Unused Serialized files (Serialized files now loaded: 0)
System memory in use before: 85.5 MB.
System memory in use after: 85.5 MB.

Unloading 12 unused Assets to reduce memory usage. Loaded Objects now: 2294.
Total: 2.137800 ms (FindLiveObjects: 0.204900 ms CreateObjectMapping: 0.072000 ms MarkObjects: 1.766400 ms  DeleteObjects: 0.093600 ms)

========================================================================
Received Prepare
Registering precompiled user dll's ...
Registered in 0.000918 seconds.
Begin MonoManager ReloadAssembly
Native extension for WindowsStandalone target not found
Refreshing native plugins compatible for Editor in 0.32 ms, found 1 plugins.
Preloading 0 native plugins for Editor in 0.00 ms.
Mono: successfully reloaded assembly
- Completed reload, in  0.818 seconds
Platform modules already initialized, skipping
Refreshing native plugins compatible for Editor in 0.32 ms, found 1 plugins.
Preloading 0 native plugins for Editor in 0.00 ms.
Unloading 1825 Unused Serialized files (Serialized files now loaded: 0)
System memory in use before: 85.5 MB.
System memory in use after: 85.5 MB.

Unloading 12 unused Assets to reduce memory usage. Loaded Objects now: 2298.
Total: 2.170500 ms (FindLiveObjects: 0.262000 ms CreateObjectMapping: 0.131300 ms MarkObjects: 1.653300 ms  DeleteObjects: 0.123100 ms)

========================================================================
Received Prepare
Registering precompiled user dll's ...
Registered in 0.001471 seconds.
Begin MonoManager ReloadAssembly
Native extension for WindowsStandalone target not found
Refreshing native plugins compatible for Editor in 0.31 ms, found 1 plugins.
Preloading 0 native plugins for Editor in 0.00 ms.
Mono: successfully reloaded assembly
- Completed reload, in  0.778 seconds
Platform modules already initialized, skipping
Refreshing native plugins compatible for Editor in 0.31 ms, found 1 plugins.
Preloading 0 native plugins for Editor in 0.00 ms.
Unloading 1825 Unused Serialized files (Serialized files now loaded: 0)
System memory in use before: 85.5 MB.
System memory in use after: 85.5 MB.

Unloading 12 unused Assets to reduce memory usage. Loaded Objects now: 2302.
Total: 4.551900 ms (FindLiveObjects: 0.295000 ms CreateObjectMapping: 0.152200 ms MarkObjects: 3.888300 ms  DeleteObjects: 0.214700 ms)

========================================================================
Received Prepare
Registering precompiled user dll's ...
Registered in 0.001373 seconds.
Begin MonoManager ReloadAssembly
Native extension for WindowsStandalone target not found
Refreshing native plugins compatible for Editor in 0.33 ms, found 1 plugins.
Preloading 0 native plugins for Editor in 0.00 ms.
Mono: successfully reloaded assembly
- Completed reload, in  0.776 seconds
Platform modules already initialized, skipping
Refreshing native plugins compatible for Editor in 0.34 ms, found 1 plugins.
Preloading 0 native plugins for Editor in 0.00 ms.
Unloading 1825 Unused Serialized files (Serialized files now loaded: 0)
System memory in use before: 85.5 MB.
System memory in use after: 85.5 MB.

Unloading 12 unused Assets to reduce memory usage. Loaded Objects now: 2306.
Total: 2.046700 ms (FindLiveObjects: 0.168500 ms CreateObjectMapping: 0.058800 ms MarkObjects: 1.719100 ms  DeleteObjects: 0.099400 ms)

========================================================================
Received Prepare
Registering precompiled user dll's ...
Registered in 0.000941 seconds.
Begin MonoManager ReloadAssembly
Native extension for WindowsStandalone target not found
Refreshing native plugins compatible for Editor in 0.32 ms, found 1 plugins.
Preloading 0 native plugins for Editor in 0.00 ms.
Mono: successfully reloaded assembly
- Completed reload, in  0.784 seconds
Platform modules already initialized, skipping
Refreshing native plugins compatible for Editor in 0.35 ms, found 1 plugins.
Preloading 0 native plugins for Editor in 0.00 ms.
Unloading 1825 Unused Serialized files (Serialized files now loaded: 0)
System memory in use before: 85.6 MB.
System memory in use after: 85.5 MB.

Unloading 12 unused Assets to reduce memory usage. Loaded Objects now: 2310.
Total: 1.891900 ms (FindLiveObjects: 0.205300 ms CreateObjectMapping: 0.074700 ms MarkObjects: 1.505200 ms  DeleteObjects: 0.106000 ms)

========================================================================
Received Prepare
Registering precompiled user dll's ...
Registered in 0.000958 seconds.
Begin MonoManager ReloadAssembly
Native extension for WindowsStandalone target not found
Refreshing native plugins compatible for Editor in 0.32 ms, found 1 plugins.
Preloading 0 native plugins for Editor in 0.00 ms.
Mono: successfully reloaded assembly
- Completed reload, in  0.745 seconds
Platform modules already initialized, skipping
Refreshing native plugins compatible for Editor in 0.33 ms, found 1 plugins.
Preloading 0 native plugins for Editor in 0.00 ms.
Unloading 1825 Unused Serialized files (Serialized files now loaded: 0)
System memory in use before: 85.6 MB.
System memory in use after: 85.5 MB.

Unloading 12 unused Assets to reduce memory usage. Loaded Objects now: 2314.
Total: 2.003600 ms (FindLiveObjects: 0.185100 ms CreateObjectMapping: 0.063100 ms MarkObjects: 1.664100 ms  DeleteObjects: 0.090100 ms)

========================================================================
Received Prepare
Registering precompiled user dll's ...
Registered in 0.000924 seconds.
Begin MonoManager ReloadAssembly
Native extension for WindowsStandalone target not found
Refreshing native plugins compatible for Editor in 0.41 ms, found 1 plugins.
Preloading 0 native plugins for Editor in 0.00 ms.
Mono: successfully reloaded assembly
- Completed reload, in  0.745 seconds
Platform modules already initialized, skipping
Refreshing native plugins compatible for Editor in 0.39 ms, found 1 plugins.
Preloading 0 native plugins for Editor in 0.00 ms.
Unloading 1825 Unused Serialized files (Serialized files now loaded: 0)
System memory in use before: 85.6 MB.
System memory in use after: 85.5 MB.

Unloading 12 unused Assets to reduce memory usage. Loaded Objects now: 2318.
Total: 2.102700 ms (FindLiveObjects: 0.262800 ms CreateObjectMapping: 0.089900 ms MarkObjects: 1.657100 ms  DeleteObjects: 0.092000 ms)

========================================================================
Received Import Request.
  Time since last request: 948.789670 seconds.
  path: Assets/Prefabs/TempBlocks.prefab
  artifactKey: Guid(13233028cc3c2c14c862d67257cc6d37) Importer(815301076,1909f56bfc062723c751e8b465ee728b)
Start importing Assets/Prefabs/TempBlocks.prefab using Guid(13233028cc3c2c14c862d67257cc6d37) Importer(815301076,1909f56bfc062723c751e8b465ee728b)  -> (artifact id: 'cab211b2b73b2f0c84d307d91d59dc78') in 0.093220 seconds
  Import took 0.095965 seconds .

========================================================================
Received Import Request.
  Time since last request: 68.473332 seconds.
  path: Assets/dayxq90-8bce7769-8080-4afb-91f1-c4f9618b374c.png
  artifactKey: Guid(ce6d1fa93842719408cdd7e994eefcba) Importer(815301076,1909f56bfc062723c751e8b465ee728b)
Start importing Assets/dayxq90-8bce7769-8080-4afb-91f1-c4f9618b374c.png using Guid(ce6d1fa93842719408cdd7e994eefcba) Importer(815301076,1909f56bfc062723c751e8b465ee728b)  -> (artifact id: 'b3b7b17e9b935249dc68da35f475ad0a') in 0.048568 seconds
  Import took 0.051974 seconds .

========================================================================
Received Import Request.
  Time since last request: 35.702168 seconds.
  path: Assets/Prefabs/Spikes.prefab
  artifactKey: Guid(3b16522eeb513924b860175da490d41e) Importer(815301076,1909f56bfc062723c751e8b465ee728b)
Start importing Assets/Prefabs/Spikes.prefab using Guid(3b16522eeb513924b860175da490d41e) Importer(815301076,1909f56bfc062723c751e8b465ee728b)  -> (artifact id: 'd49abc2720fc8cce5c2c508dce6f02e2') in 0.021628 seconds
  Import took 0.025284 seconds .

========================================================================
Received Import Request.
  Time since last request: 0.004952 seconds.
  path: Assets/Prefabs/Spikes.prefab
  artifactKey: Guid(3b16522eeb513924b860175da490d41e) Importer(815301076,1909f56bfc062723c751e8b465ee728b)
Start importing Assets/Prefabs/Spikes.prefab using Guid(3b16522eeb513924b860175da490d41e) Importer(815301076,1909f56bfc062723c751e8b465ee728b)  -> (artifact id: 'd49abc2720fc8cce5c2c508dce6f02e2') in 0.013590 seconds
  Import took 0.016763 seconds .

========================================================================
Received Import Request.
  Time since last request: 78.898901 seconds.
  path: Assets/Prefabs/Spikes.prefab
  artifactKey: Guid(3b16522eeb513924b860175da490d41e) Importer(815301076,1909f56bfc062723c751e8b465ee728b)
Start importing Assets/Prefabs/Spikes.prefab using Guid(3b16522eeb513924b860175da490d41e) Importer(815301076,1909f56bfc062723c751e8b465ee728b)  -> (artifact id: '146a8c83739393dc63cf90fe375deb34') in 0.017701 seconds
  Import took 0.021799 seconds .

========================================================================
Received Import Request.
  Time since last request: 1.751547 seconds.
  path: Assets/Prefabs/Spikes.prefab
  artifactKey: Guid(3b16522eeb513924b860175da490d41e) Importer(815301076,1909f56bfc062723c751e8b465ee728b)
Start importing Assets/Prefabs/Spikes.prefab using Guid(3b16522eeb513924b860175da490d41e) Importer(815301076,1909f56bfc062723c751e8b465ee728b)  -> (artifact id: '7af06e2df049a920dae4fe2a419a9e51') in 0.015233 seconds
  Import took 0.018180 seconds .

========================================================================
Received Import Request.
  Time since last request: 5.437506 seconds.
  path: Assets/Prefabs/Spikes.prefab
  artifactKey: Guid(3b16522eeb513924b860175da490d41e) Importer(815301076,1909f56bfc062723c751e8b465ee728b)
Start importing Assets/Prefabs/Spikes.prefab using Guid(3b16522eeb513924b860175da490d41e) Importer(815301076,1909f56bfc062723c751e8b465ee728b)  -> (artifact id: '59ddd365f2347f7d6cba3ec0fa7a326c') in 0.019637 seconds
  Import took 0.024977 seconds .

========================================================================
Received Import Request.
  Time since last request: 2.464966 seconds.
  path: Assets/Prefabs/Spikes.prefab
  artifactKey: Guid(3b16522eeb513924b860175da490d41e) Importer(815301076,1909f56bfc062723c751e8b465ee728b)
Start importing Assets/Prefabs/Spikes.prefab using Guid(3b16522eeb513924b860175da490d41e) Importer(815301076,1909f56bfc062723c751e8b465ee728b)  -> (artifact id: '0035b952f4752e2371c5f14e7833ef37') in 0.017545 seconds
  Import took 0.021925 seconds .

========================================================================
Received Prepare
Registering precompiled user dll's ...
Registered in 0.002090 seconds.
Begin MonoManager ReloadAssembly
Native extension for WindowsStandalone target not found
Refreshing native plugins compatible for Editor in 0.33 ms, found 1 plugins.
Preloading 0 native plugins for Editor in 0.00 ms.
Mono: successfully reloaded assembly
- Completed reload, in  0.857 seconds
Platform modules already initialized, skipping
Refreshing native plugins compatible for Editor in 0.36 ms, found 1 plugins.
Preloading 0 native plugins for Editor in 0.00 ms.
Unloading 1825 Unused Serialized files (Serialized files now loaded: 0)
System memory in use before: 88.7 MB.
System memory in use after: 88.7 MB.

Unloading 12 unused Assets to reduce memory usage. Loaded Objects now: 2331.
Total: 2.039900 ms (FindLiveObjects: 0.263700 ms CreateObjectMapping: 0.088600 ms MarkObjects: 1.595900 ms  DeleteObjects: 0.090900 ms)

========================================================================
Received Import Request.
  Time since last request: 765.102350 seconds.
  path: Assets/Prefabs/png-clipart-pixel-art-art-pixel-coloring-by-number-sandbox-pixel-assassin-potion-others-miscellaneous-text.png
  artifactKey: Guid(ac086d7e2818fe14a9c4375ca2d2990d) Importer(815301076,1909f56bfc062723c751e8b465ee728b)
Start importing Assets/Prefabs/png-clipart-pixel-art-art-pixel-coloring-by-number-sandbox-pixel-assassin-potion-others-miscellaneous-text.png using Guid(ac086d7e2818fe14a9c4375ca2d2990d) Importer(815301076,1909f56bfc062723c751e8b465ee728b)  -> (artifact id: '28cd4e97a9a4ac321156f307b0aeb08f') in 0.071759 seconds
  Import took 0.076044 seconds .

========================================================================
Received Import Request.
  Time since last request: 10.308654 seconds.
  path: Assets/png-clipart-pixel-art-art-pixel-coloring-by-number-sandbox-pixel-assassin-potion-others-miscellaneous-text.png
  artifactKey: Guid(e814315b517783a42b986977ab014579) Importer(815301076,1909f56bfc062723c751e8b465ee728b)
Start importing Assets/png-clipart-pixel-art-art-pixel-coloring-by-number-sandbox-pixel-assassin-potion-others-miscellaneous-text.png using Guid(e814315b517783a42b986977ab014579) Importer(815301076,1909f56bfc062723c751e8b465ee728b)  -> (artifact id: '9c0e6e0fb86425a939dc18d90b96f496') in 0.017569 seconds
  Import took 0.020556 seconds .

========================================================================
Received Import Request.
  Time since last request: 149.720699 seconds.
  path: Assets/potion-perfume-png-favpng-iHNCcrNHV6aHMJA3paNpub3nL.jpg
  artifactKey: Guid(0f36c22ee95b8ce44ab78869d8802bd2) Importer(815301076,1909f56bfc062723c751e8b465ee728b)
Start importing Assets/potion-perfume-png-favpng-iHNCcrNHV6aHMJA3paNpub3nL.jpg using Guid(0f36c22ee95b8ce44ab78869d8802bd2) Importer(815301076,1909f56bfc062723c751e8b465ee728b)  -> (artifact id: 'c1b0dbd3af5a4258113ecf51a69affb9') in 0.041781 seconds
  Import took 0.045339 seconds .

========================================================================
Received Import Request.
  Time since last request: 27.665387 seconds.
  path: Assets/b729fb38af45684.png
  artifactKey: Guid(c5cd1c6b522c47f4089a88b90f520f5a) Importer(815301076,1909f56bfc062723c751e8b465ee728b)
Start importing Assets/b729fb38af45684.png using Guid(c5cd1c6b522c47f4089a88b90f520f5a) Importer(815301076,1909f56bfc062723c751e8b465ee728b)  -> (artifact id: '032679a33c3d4d60bd79df86f2561519') in 0.018932 seconds
  Import took 0.022313 seconds .

========================================================================
Received Import Request.
  Time since last request: 0.001079 seconds.
  path: Assets/b729fb38af45684.png
  artifactKey: Guid(c5cd1c6b522c47f4089a88b90f520f5a) Importer(815301076,1909f56bfc062723c751e8b465ee728b)
Start importing Assets/b729fb38af45684.png using Guid(c5cd1c6b522c47f4089a88b90f520f5a) Importer(815301076,1909f56bfc062723c751e8b465ee728b)  -> (artifact id: '032679a33c3d4d60bd79df86f2561519') in 0.014843 seconds
  Import took 0.018565 seconds .

========================================================================
Received Prepare
Registering precompiled user dll's ...
Registered in 0.001902 seconds.
Begin MonoManager ReloadAssembly
Native extension for WindowsStandalone target not found
Refreshing native plugins compatible for Editor in 0.38 ms, found 1 plugins.
Preloading 0 native plugins for Editor in 0.00 ms.
Mono: successfully reloaded assembly
- Completed reload, in  0.833 seconds
Platform modules already initialized, skipping
Refreshing native plugins compatible for Editor in 0.32 ms, found 1 plugins.
Preloading 0 native plugins for Editor in 0.00 ms.
Unloading 1826 Unused Serialized files (Serialized files now loaded: 0)
System memory in use before: 88.7 MB.
System memory in use after: 88.7 MB.

Unloading 12 unused Assets to reduce memory usage. Loaded Objects now: 2343.
Total: 1.895300 ms (FindLiveObjects: 0.181500 ms CreateObjectMapping: 0.059200 ms MarkObjects: 1.494100 ms  DeleteObjects: 0.159700 ms)

========================================================================
Received Prepare
Registering precompiled user dll's ...
Registered in 0.000981 seconds.
Begin MonoManager ReloadAssembly
Native extension for WindowsStandalone target not found
Refreshing native plugins compatible for Editor in 0.52 ms, found 1 plugins.
Preloading 0 native plugins for Editor in 0.00 ms.
Mono: successfully reloaded assembly
- Completed reload, in  0.992 seconds
Platform modules already initialized, skipping
Refreshing native plugins compatible for Editor in 0.32 ms, found 1 plugins.
Preloading 0 native plugins for Editor in 0.00 ms.
Unloading 1826 Unused Serialized files (Serialized files now loaded: 0)
System memory in use before: 88.7 MB.
System memory in use after: 88.7 MB.

Unloading 12 unused Assets to reduce memory usage. Loaded Objects now: 2347.
Total: 1.905100 ms (FindLiveObjects: 0.288600 ms CreateObjectMapping: 0.072800 ms MarkObjects: 1.457900 ms  DeleteObjects: 0.084800 ms)

========================================================================
Received Prepare
Registering precompiled user dll's ...
Registered in 0.000946 seconds.
Begin MonoManager ReloadAssembly
Native extension for WindowsStandalone target not found
Refreshing native plugins compatible for Editor in 0.51 ms, found 1 plugins.
Preloading 0 native plugins for Editor in 0.00 ms.
Mono: successfully reloaded assembly
- Completed reload, in  0.757 seconds
Platform modules already initialized, skipping
Refreshing native plugins compatible for Editor in 0.36 ms, found 1 plugins.
Preloading 0 native plugins for Editor in 0.00 ms.
Unloading 1826 Unused Serialized files (Serialized files now loaded: 0)
System memory in use before: 88.8 MB.
System memory in use after: 88.7 MB.

Unloading 12 unused Assets to reduce memory usage. Loaded Objects now: 2351.
Total: 2.268800 ms (FindLiveObjects: 0.197100 ms CreateObjectMapping: 0.060000 ms MarkObjects: 1.910200 ms  DeleteObjects: 0.100500 ms)

========================================================================
Received Prepare
Registering precompiled user dll's ...
Registered in 0.000950 seconds.
Begin MonoManager ReloadAssembly
Native extension for WindowsStandalone target not found
Refreshing native plugins compatible for Editor in 0.33 ms, found 1 plugins.
Preloading 0 native plugins for Editor in 0.00 ms.
Mono: successfully reloaded assembly
- Completed reload, in  0.871 seconds
Platform modules already initialized, skipping
Refreshing native plugins compatible for Editor in 0.36 ms, found 1 plugins.
Preloading 0 native plugins for Editor in 0.00 ms.
Unloading 1826 Unused Serialized files (Serialized files now loaded: 0)
System memory in use before: 88.8 MB.
System memory in use after: 88.7 MB.

Unloading 12 unused Assets to reduce memory usage. Loaded Objects now: 2355.
Total: 2.327800 ms (FindLiveObjects: 0.296500 ms CreateObjectMapping: 0.104900 ms MarkObjects: 1.826900 ms  DeleteObjects: 0.098500 ms)

========================================================================
Received Prepare
Registering precompiled user dll's ...
Registered in 0.000926 seconds.
Begin MonoManager ReloadAssembly
Native extension for WindowsStandalone target not found
Refreshing native plugins compatible for Editor in 0.32 ms, found 1 plugins.
Preloading 0 native plugins for Editor in 0.00 ms.
Mono: successfully reloaded assembly
- Completed reload, in  0.728 seconds
Platform modules already initialized, skipping
Refreshing native plugins compatible for Editor in 0.34 ms, found 1 plugins.
Preloading 0 native plugins for Editor in 0.00 ms.
Unloading 1826 Unused Serialized files (Serialized files now loaded: 0)
System memory in use before: 88.8 MB.
System memory in use after: 88.8 MB.

Unloading 12 unused Assets to reduce memory usage. Loaded Objects now: 2359.
Total: 2.246100 ms (FindLiveObjects: 0.224200 ms CreateObjectMapping: 0.070900 ms MarkObjects: 1.857100 ms  DeleteObjects: 0.093100 ms)

AssetImportWorkerClient::OnTransportError - code=2 error=End of file
